<?xml version="1.0" encoding="UTF-8"?>
<!-- Generated by org.testng.reporters.JUnitXMLReporter -->
<testsuite ignored="4" hostname="RedmiBook" failures="0" tests="2" name="Test1" time="41.11" errors="0" timestamp="2023-05-11T11:35:08 IST">
  <testcase classname="organizations.CreateOrganizationWithPOM" name="createOrganizationWithPOM" time="10.26"/>
  <testcase classname="product.CreateProductWithPOM" name="createProduct" time="9.149"/>
  <testcase classname="generic_utility.BaseClass" name="@AfterTest aT" time="0.0">
    <ignored/>
  </testcase> <!-- @AfterTest aT -->
  <testcase classname="generic_utility.BaseClass" name="@BeforeTest bT" time="0.0">
    <ignored/>
  </testcase> <!-- @BeforeTest bT -->
  <testcase classname="generic_utility.BaseClass" name="@AfterSuite aS" time="0.0">
    <ignored/>
  </testcase> <!-- @AfterSuite aS -->
  <testcase classname="generic_utility.BaseClass" name="@BeforeSuite bS" time="0.0">
    <ignored/>
  </testcase> <!-- @BeforeSuite bS -->
</testsuite> <!-- Test1 -->
