<?xml version="1.0" encoding="UTF-8"?>
<!-- Generated by org.testng.reporters.JUnitXMLReporter -->
<testsuite ignored="0" hostname="RedmiBook" failures="1" tests="1" name="Test" time="11.888" errors="0" timestamp="2023-05-11T12:14:27 IST">
  <testcase classname="Campaigns.CreateCampaignWithProductWithPOM" name="CreateCampaignWithProduct" time="3.688">
    <failure type="java.lang.AssertionError" message="expected [false] but found [true]">
      <![CDATA[java.lang.AssertionError: expected [false] but found [true]
at Campaigns.CreateCampaignWithProductWithPOM.CreateCampaignWithProduct(CreateCampaignWithProductWithPOM.java:38)
at java.base/java.util.ArrayList.forEach(ArrayList.java:1511)
... Removed 33 stack frames]]>
    </failure>
  </testcase> <!-- CreateCampaignWithProduct -->
</testsuite> <!-- Test -->
