<?xml version="1.0" encoding="UTF-8"?>
<testng-results ignored="0" total="1" passed="0" failed="1" skipped="0">
  <reporter-output>
  </reporter-output>
  <suite started-at="2023-05-11T12:14:16 IST" name="Suite" finished-at="2023-05-11T12:14:27 IST" duration-ms="11888">
    <groups>
      <group name="smokeTest">
        <method signature="CreateCampaignWithProductWithPOM.CreateCampaignWithProduct()[pri:0, instance:Campaigns.CreateCampaignWithProductWithPOM@506ae4d4]" name="CreateCampaignWithProduct" class="Campaigns.CreateCampaignWithProductWithPOM"/>
      </group> <!-- smokeTest -->
    </groups>
    <test started-at="2023-05-11T12:14:16 IST" name="Test" finished-at="2023-05-11T12:14:27 IST" duration-ms="11888">
      <class name="Campaigns.CreateCampaignWithProductWithPOM">
        <test-method is-config="true" signature="bS()[pri:0, instance:Campaigns.CreateCampaignWithProductWithPOM@506ae4d4]" started-at="2023-05-11T12:14:16 IST" name="bS" finished-at="2023-05-11T12:14:16 IST" duration-ms="7" status="PASS">
          <reporter-output>
          </reporter-output>
        </test-method> <!-- bS -->
        <test-method is-config="true" signature="bT()[pri:0, instance:Campaigns.CreateCampaignWithProductWithPOM@506ae4d4]" started-at="2023-05-11T12:14:16 IST" name="bT" finished-at="2023-05-11T12:14:16 IST" duration-ms="1" status="PASS">
          <reporter-output>
          </reporter-output>
        </test-method> <!-- bT -->
        <test-method is-config="true" signature="bC()[pri:0, instance:Campaigns.CreateCampaignWithProductWithPOM@506ae4d4]" started-at="2023-05-11T12:14:16 IST" name="bC" finished-at="2023-05-11T12:14:18 IST" duration-ms="1935" status="PASS">
          <reporter-output>
          </reporter-output>
        </test-method> <!-- bC -->
        <test-method is-config="true" signature="bM()[pri:0, instance:Campaigns.CreateCampaignWithProductWithPOM@506ae4d4]" started-at="2023-05-11T12:14:18 IST" name="bM" finished-at="2023-05-11T12:14:21 IST" duration-ms="3188" status="PASS">
          <reporter-output>
          </reporter-output>
        </test-method> <!-- bM -->
        <test-method signature="CreateCampaignWithProduct()[pri:0, instance:Campaigns.CreateCampaignWithProductWithPOM@506ae4d4]" started-at="2023-05-11T12:14:21 IST" name="CreateCampaignWithProduct" finished-at="2023-05-11T12:14:24 IST" duration-ms="3688" status="FAIL">
          <exception class="java.lang.AssertionError">
            <message>
              <![CDATA[expected [false] but found [true]]]>
            </message>
            <full-stacktrace>
              <![CDATA[java.lang.AssertionError: expected [false] but found [true]
at org.testng.Assert.fail(Assert.java:99)
at org.testng.Assert.failNotEquals(Assert.java:1037)
at org.testng.Assert.assertEqualsImpl(Assert.java:140)
at org.testng.Assert.assertEquals(Assert.java:122)
at org.testng.Assert.assertEquals(Assert.java:819)
at org.testng.Assert.assertEquals(Assert.java:829)
at Campaigns.CreateCampaignWithProductWithPOM.CreateCampaignWithProduct(CreateCampaignWithProductWithPOM.java:38)
at java.base/jdk.internal.reflect.NativeMethodAccessorImpl.invoke0(Native Method)
at java.base/jdk.internal.reflect.NativeMethodAccessorImpl.invoke(NativeMethodAccessorImpl.java:77)
at java.base/jdk.internal.reflect.DelegatingMethodAccessorImpl.invoke(DelegatingMethodAccessorImpl.java:43)
at java.base/java.lang.reflect.Method.invoke(Method.java:568)
at org.testng.internal.MethodInvocationHelper.invokeMethod(MethodInvocationHelper.java:133)
at org.testng.internal.TestInvoker.invokeMethod(TestInvoker.java:598)
at org.testng.internal.TestInvoker.invokeTestMethod(TestInvoker.java:173)
at org.testng.internal.MethodRunner.runInSequence(MethodRunner.java:46)
at org.testng.internal.TestInvoker$MethodInvocationAgent.invoke(TestInvoker.java:824)
at org.testng.internal.TestInvoker.invokeTestMethods(TestInvoker.java:146)
at org.testng.internal.TestMethodWorker.invokeTestMethods(TestMethodWorker.java:146)
at org.testng.internal.TestMethodWorker.run(TestMethodWorker.java:128)
at java.base/java.util.ArrayList.forEach(ArrayList.java:1511)
at org.testng.TestRunner.privateRun(TestRunner.java:794)
at org.testng.TestRunner.run(TestRunner.java:596)
at org.testng.SuiteRunner.runTest(SuiteRunner.java:377)
at org.testng.SuiteRunner.runSequentially(SuiteRunner.java:371)
at org.testng.SuiteRunner.privateRun(SuiteRunner.java:332)
at org.testng.SuiteRunner.run(SuiteRunner.java:276)
at org.testng.SuiteRunnerWorker.runSuite(SuiteRunnerWorker.java:53)
at org.testng.SuiteRunnerWorker.run(SuiteRunnerWorker.java:96)
at org.testng.TestNG.runSuitesSequentially(TestNG.java:1212)
at org.testng.TestNG.runSuitesLocally(TestNG.java:1134)
at org.testng.TestNG.runSuites(TestNG.java:1063)
at org.testng.TestNG.run(TestNG.java:1031)
at org.testng.remote.AbstractRemoteTestNG.run(AbstractRemoteTestNG.java:115)
at org.testng.remote.RemoteTestNG.initAndRun(RemoteTestNG.java:251)
at org.testng.remote.RemoteTestNG.main(RemoteTestNG.java:77)
]]>
            </full-stacktrace>
          </exception> <!-- java.lang.AssertionError -->
          <reporter-output>
          </reporter-output>
        </test-method> <!-- CreateCampaignWithProduct -->
        <test-method is-config="true" signature="aM()[pri:0, instance:Campaigns.CreateCampaignWithProductWithPOM@506ae4d4]" started-at="2023-05-11T12:14:25 IST" name="aM" finished-at="2023-05-11T12:14:27 IST" duration-ms="2508" status="PASS">
          <reporter-output>
          </reporter-output>
        </test-method> <!-- aM -->
        <test-method is-config="true" signature="aC()[pri:0, instance:Campaigns.CreateCampaignWithProductWithPOM@506ae4d4]" started-at="2023-05-11T12:14:27 IST" name="aC" finished-at="2023-05-11T12:14:27 IST" duration-ms="246" status="PASS">
          <reporter-output>
          </reporter-output>
        </test-method> <!-- aC -->
        <test-method is-config="true" signature="aT()[pri:0, instance:Campaigns.CreateCampaignWithProductWithPOM@506ae4d4]" started-at="2023-05-11T12:14:27 IST" name="aT" finished-at="2023-05-11T12:14:27 IST" duration-ms="0" status="PASS">
          <reporter-output>
          </reporter-output>
        </test-method> <!-- aT -->
        <test-method is-config="true" signature="aS()[pri:0, instance:Campaigns.CreateCampaignWithProductWithPOM@506ae4d4]" started-at="2023-05-11T12:14:28 IST" name="aS" finished-at="2023-05-11T12:14:28 IST" duration-ms="1" status="PASS">
          <reporter-output>
          </reporter-output>
        </test-method> <!-- aS -->
      </class> <!-- Campaigns.CreateCampaignWithProductWithPOM -->
    </test> <!-- Test -->
  </suite> <!-- Suite -->
</testng-results>
